2022-05-13 01:33:23.421  INFO 25360 --- [kafka-coordinator-heartbeat-thread | group_id] o.a.kafka.clients.FetchSessionHandler    : [Consumer clientId=consumer-group_id-1, groupId=group_id] Error sending fetch request (sessionId=2031435086, epoch=31833) to node 1:

org.apache.kafka.common.errors.DisconnectException: null

2022-05-13 01:33:23.445  INFO 25360 --- [kafka-coordinator-heartbeat-thread | group_id] o.a.k.c.c.internals.ConsumerCoordinator  : [Consumer clientId=consumer-group_id-1, groupId=group_id] Group coordinator 127.0.0.1:9092 (id: 2147483646 rack: null) is unavailable or invalid due to cause: null.isDisconnected: true. Rediscovery will be attempted.
2022-05-13 01:33:23.448  INFO 25360 --- [org.springframework.kafka.KafkaListenerEndpointContainer#0-0-C-1] o.a.k.c.c.internals.ConsumerCoordinator  : [Consumer clientId=consumer-group_id-1, groupId=group_id] Attempt to heartbeat with Generation{generationId=81, memberId='consumer-group_id-1-aa690c76-8e7d-47e3-a51b-30de8683d256', protocol='range'} and group instance id Optional.empty failed due to UNKNOWN_MEMBER_ID, resetting generation
2022-05-13 01:33:23.448  INFO 25360 --- [org.springframework.kafka.KafkaListenerEndpointContainer#0-0-C-1] o.a.k.c.c.internals.ConsumerCoordinator  : [Consumer clientId=consumer-group_id-1, groupId=group_id] Resetting generation due to: encountered UNKNOWN_MEMBER_ID from HEARTBEAT response
2022-05-13 01:33:23.448  INFO 25360 --- [org.springframework.kafka.KafkaListenerEndpointContainer#0-0-C-1] o.a.k.c.c.internals.ConsumerCoordinator  : [Consumer clientId=consumer-group_id-1, groupId=group_id] Request joining group due to: encountered UNKNOWN_MEMBER_ID from HEARTBEAT response
2022-05-13 01:33:24.496  INFO 25360 --- [org.springframework.kafka.KafkaListenerEndpointContainer#0-0-C-1] o.a.k.c.c.internals.ConsumerCoordinator  : [Consumer clientId=consumer-group_id-1, groupId=group_id] Discovered group coordinator 127.0.0.1:9092 (id: 2147483646 rack: null)
2022-05-13 01:33:24.497  INFO 25360 --- [org.springframework.kafka.KafkaListenerEndpointContainer#0-0-C-1] o.a.k.c.c.internals.ConsumerCoordinator  : [Consumer clientId=consumer-group_id-1, groupId=group_id] Giving away all assigned partitions as lost since generation has been reset,indicating that consumer is no longer part of the group
2022-05-13 01:33:24.497  INFO 25360 --- [org.springframework.kafka.KafkaListenerEndpointContainer#0-0-C-1] o.a.k.c.c.internals.ConsumerCoordinator  : [Consumer clientId=consumer-group_id-1, groupId=group_id] Lost previously assigned partitions exchange-topic-0
2022-05-13 01:33:24.497  INFO 25360 --- [org.springframework.kafka.KafkaListenerEndpointContainer#0-0-C-1] o.s.k.l.KafkaMessageListenerContainer    : group_id: partitions lost: [exchange-topic-0]
2022-05-13 01:33:24.497  INFO 25360 --- [org.springframework.kafka.KafkaListenerEndpointContainer#0-0-C-1] o.s.k.l.KafkaMessageListenerContainer    : group_id: partitions revoked: [exchange-topic-0]
2022-05-13 01:33:24.497  INFO 25360 --- [org.springframework.kafka.KafkaListenerEndpointContainer#0-0-C-1] o.a.k.c.c.internals.ConsumerCoordinator  : [Consumer clientId=consumer-group_id-1, groupId=group_id] (Re-)joining group
2022-05-13 01:33:24.620  INFO 25360 --- [org.springframework.kafka.KafkaListenerEndpointContainer#0-0-C-1] o.a.k.c.c.internals.ConsumerCoordinator  : [Consumer clientId=consumer-group_id-1, groupId=group_id] Request joining group due to: need to re-join with the given member-id
2022-05-13 01:33:24.620  INFO 25360 --- [org.springframework.kafka.KafkaListenerEndpointContainer#0-0-C-1] o.a.k.c.c.internals.ConsumerCoordinator  : [Consumer clientId=consumer-group_id-1, groupId=group_id] (Re-)joining group
2022-05-13 01:33:27.511  INFO 25360 --- [org.springframework.kafka.KafkaListenerEndpointContainer#0-0-C-1] o.a.k.c.c.internals.ConsumerCoordinator  : [Consumer clientId=consumer-group_id-1, groupId=group_id] Successfully joined group with generation Generation{generationId=83, memberId='consumer-group_id-1-4e60d2c7-ca92-45f2-a3df-b7ac9af7cd5f', protocol='range'}
2022-05-13 01:33:27.547  INFO 25360 --- [org.springframework.kafka.KafkaListenerEndpointContainer#0-0-C-1] o.a.k.c.c.internals.ConsumerCoordinator  : [Consumer clientId=consumer-group_id-1, groupId=group_id] Successfully synced group in generation Generation{generationId=83, memberId='consumer-group_id-1-4e60d2c7-ca92-45f2-a3df-b7ac9af7cd5f', protocol='range'}
2022-05-13 01:33:27.547  INFO 25360 --- [org.springframework.kafka.KafkaListenerEndpointContainer#0-0-C-1] o.a.k.c.c.internals.ConsumerCoordinator  : [Consumer clientId=consumer-group_id-1, groupId=group_id] Notifying assignor about the new Assignment(partitions=[exchange-topic-0])
2022-05-13 01:33:27.547  INFO 25360 --- [org.springframework.kafka.KafkaListenerEndpointContainer#0-0-C-1] o.a.k.c.c.internals.ConsumerCoordinator  : [Consumer clientId=consumer-group_id-1, groupId=group_id] Adding newly assigned partitions: exchange-topic-0
2022-05-13 01:33:27.555  INFO 25360 --- [org.springframework.kafka.KafkaListenerEndpointContainer#0-0-C-1] o.a.k.c.c.internals.ConsumerCoordinator  : [Consumer clientId=consumer-group_id-1, groupId=group_id] Setting offset for partition exchange-topic-0 to the committed offset FetchPosition{offset=3, offsetEpoch=Optional.empty, currentLeader=LeaderAndEpoch{leader=Optional[127.0.0.1:9092 (id: 1 rack: null)], epoch=0}}
2022-05-13 01:33:27.555  INFO 25360 --- [org.springframework.kafka.KafkaListenerEndpointContainer#0-0-C-1] o.s.k.l.KafkaMessageListenerContainer    : group_id: partitions assigned: [exchange-topic-0]
2022-05-13 01:34:54.891  INFO 25360 --- [AsyncResolver-bootstrap-executor-0] c.n.d.s.r.aws.ConfigClusterResolver      : Resolving eureka endpoints via configuration
2022-05-13 01:39:54.900  INFO 25360 --- [AsyncResolver-bootstrap-executor-0] c.n.d.s.r.aws.ConfigClusterResolver      : Resolving eureka endpoints via configuration
2022-05-13 01:44:54.909  INFO 25360 --- [AsyncResolver-bootstrap-executor-0] c.n.d.s.r.aws.ConfigClusterResolver      : Resolving eureka endpoints via configuration
2022-05-13 01:49:54.917  INFO 25360 --- [AsyncResolver-bootstrap-executor-0] c.n.d.s.r.aws.ConfigClusterResolver      : Resolving eureka endpoints via configuration
2022-05-13 01:54:54.930  INFO 25360 --- [AsyncResolver-bootstrap-executor-0] c.n.d.s.r.aws.ConfigClusterResolver      : Resolving eureka endpoints via configuration
2022-05-13 01:59:54.938  INFO 25360 --- [AsyncResolver-bootstrap-executor-0] c.n.d.s.r.aws.ConfigClusterResolver      : Resolving eureka endpoints via configuration
2022-05-13 02:04:54.943  INFO 25360 --- [AsyncResolver-bootstrap-executor-0] c.n.d.s.r.aws.ConfigClusterResolver      : Resolving eureka endpoints via configuration
2022-05-13 02:09:54.957  INFO 25360 --- [AsyncResolver-bootstrap-executor-0] c.n.d.s.r.aws.ConfigClusterResolver      : Resolving eureka endpoints via configuration
2022-05-13 02:14:54.962  INFO 25360 --- [AsyncResolver-bootstrap-executor-0] c.n.d.s.r.aws.ConfigClusterResolver      : Resolving eureka endpoints via configuration
2022-05-13 02:19:54.965  INFO 25360 --- [AsyncResolver-bootstrap-executor-0] c.n.d.s.r.aws.ConfigClusterResolver      : Resolving eureka endpoints via configuration
2022-05-13 02:24:54.971  INFO 25360 --- [AsyncResolver-bootstrap-executor-0] c.n.d.s.r.aws.ConfigClusterResolver      : Resolving eureka endpoints via configuration
2022-05-13 02:29:54.985  INFO 25360 --- [AsyncResolver-bootstrap-executor-0] c.n.d.s.r.aws.ConfigClusterResolver      : Resolving eureka endpoints via configuration
2022-05-13 02:34:54.998  INFO 25360 --- [AsyncResolver-bootstrap-executor-0] c.n.d.s.r.aws.ConfigClusterResolver      : Resolving eureka endpoints via configuration
2022-05-13 02:39:55.013  INFO 25360 --- [AsyncResolver-bootstrap-executor-0] c.n.d.s.r.aws.ConfigClusterResolver      : Resolving eureka endpoints via configuration
2022-05-13 02:44:55.021  INFO 25360 --- [AsyncResolver-bootstrap-executor-0] c.n.d.s.r.aws.ConfigClusterResolver      : Resolving eureka endpoints via configuration
2022-05-13 02:49:55.024  INFO 25360 --- [AsyncResolver-bootstrap-executor-0] c.n.d.s.r.aws.ConfigClusterResolver      : Resolving eureka endpoints via configuration
2022-05-13 02:54:55.038  INFO 25360 --- [AsyncResolver-bootstrap-executor-0] c.n.d.s.r.aws.ConfigClusterResolver      : Resolving eureka endpoints via configuration
2022-05-13 02:59:55.041  INFO 25360 --- [AsyncResolver-bootstrap-executor-0] c.n.d.s.r.aws.ConfigClusterResolver      : Resolving eureka endpoints via configuration
2022-05-13 03:04:55.045  INFO 25360 --- [AsyncResolver-bootstrap-executor-0] c.n.d.s.r.aws.ConfigClusterResolver      : Resolving eureka endpoints via configuration
2022-05-13 03:09:55.051  INFO 25360 --- [AsyncResolver-bootstrap-executor-0] c.n.d.s.r.aws.ConfigClusterResolver      : Resolving eureka endpoints via configuration
2022-05-13 03:14:55.067  INFO 25360 --- [AsyncResolver-bootstrap-executor-0] c.n.d.s.r.aws.ConfigClusterResolver      : Resolving eureka endpoints via configuration
2022-05-13 03:19:55.076  INFO 25360 --- [AsyncResolver-bootstrap-executor-0] c.n.d.s.r.aws.ConfigClusterResolver      : Resolving eureka endpoints via configuration
2022-05-13 03:24:55.086  INFO 25360 --- [AsyncResolver-bootstrap-executor-0] c.n.d.s.r.aws.ConfigClusterResolver      : Resolving eureka endpoints via configuration
2022-05-13 03:29:55.091  INFO 25360 --- [AsyncResolver-bootstrap-executor-0] c.n.d.s.r.aws.ConfigClusterResolver      : Resolving eureka endpoints via configuration
2022-05-13 03:34:04.838  INFO 25360 --- [kafka-coordinator-heartbeat-thread | group_id] o.a.k.c.c.internals.ConsumerCoordinator  : [Consumer clientId=consumer-group_id-1, groupId=group_id] Group coordinator 127.0.0.1:9092 (id: 2147483646 rack: null) is unavailable or invalid due to cause: coordinator unavailable.isDisconnected: true. Rediscovery will be attempted.
2022-05-13 03:34:04.976  INFO 25360 --- [org.springframework.kafka.KafkaListenerEndpointContainer#0-0-C-1] o.a.k.c.c.internals.ConsumerCoordinator  : [Consumer clientId=consumer-group_id-1, groupId=group_id] Discovered group coordinator 127.0.0.1:9092 (id: 2147483646 rack: null)
2022-05-13 04:53:20.500  INFO 25360 --- [kafka-coordinator-heartbeat-thread | group_id] o.a.k.c.c.internals.ConsumerCoordinator  : [Consumer clientId=consumer-group_id-1, groupId=group_id] Group coordinator 127.0.0.1:9092 (id: 2147483646 rack: null) is unavailable or invalid due to cause: null.isDisconnected: true. Rediscovery will be attempted.
2022-05-13 05:53:31.045  INFO 25360 --- [org.springframework.kafka.KafkaListenerEndpointContainer#0-0-C-1] o.a.k.c.c.internals.ConsumerCoordinator  : [Consumer clientId=consumer-group_id-1, groupId=group_id] Discovered group coordinator 127.0.0.1:9092 (id: 2147483646 rack: null)
2022-05-13 05:53:31.050  INFO 25360 --- [org.springframework.kafka.KafkaListenerEndpointContainer#0-0-C-1] o.a.kafka.clients.FetchSessionHandler    : [Consumer clientId=consumer-group_id-1, groupId=group_id] Error sending fetch request (sessionId=1547914437, epoch=14322) to node 1:

org.apache.kafka.common.errors.DisconnectException: null

2022-05-13 05:53:31.052  WARN 25360 --- [kafka-coordinator-heartbeat-thread | group_id] o.a.k.c.c.internals.ConsumerCoordinator  : [Consumer clientId=consumer-group_id-1, groupId=group_id] consumer poll timeout has expired. This means the time between subsequent calls to poll() was longer than the configured max.poll.interval.ms, which typically implies that the poll loop is spending too much time processing messages. You can address this either by increasing max.poll.interval.ms or by reducing the maximum size of batches returned in poll() with max.poll.records.
2022-05-13 05:53:31.053  INFO 25360 --- [kafka-coordinator-heartbeat-thread | group_id] o.a.k.c.c.internals.ConsumerCoordinator  : [Consumer clientId=consumer-group_id-1, groupId=group_id] Member consumer-group_id-1-4e60d2c7-ca92-45f2-a3df-b7ac9af7cd5f sending LeaveGroup request to coordinator 127.0.0.1:9092 (id: 2147483646 rack: null) due to consumer poll timeout has expired.
2022-05-13 05:53:31.054  INFO 25360 --- [kafka-coordinator-heartbeat-thread | group_id] o.a.k.c.c.internals.ConsumerCoordinator  : [Consumer clientId=consumer-group_id-1, groupId=group_id] Resetting generation due to: consumer pro-actively leaving the group
2022-05-13 05:53:31.054  INFO 25360 --- [kafka-coordinator-heartbeat-thread | group_id] o.a.k.c.c.internals.ConsumerCoordinator  : [Consumer clientId=consumer-group_id-1, groupId=group_id] Request joining group due to: consumer pro-actively leaving the group
2022-05-13 05:53:31.054  INFO 25360 --- [org.springframework.kafka.KafkaListenerEndpointContainer#0-0-C-1] o.a.k.c.c.internals.ConsumerCoordinator  : [Consumer clientId=consumer-group_id-1, groupId=group_id] Giving away all assigned partitions as lost since generation has been reset,indicating that consumer is no longer part of the group
2022-05-13 05:53:31.055  INFO 25360 --- [org.springframework.kafka.KafkaListenerEndpointContainer#0-0-C-1] o.a.k.c.c.internals.ConsumerCoordinator  : [Consumer clientId=consumer-group_id-1, groupId=group_id] Lost previously assigned partitions exchange-topic-0
2022-05-13 05:53:31.055  INFO 25360 --- [org.springframework.kafka.KafkaListenerEndpointContainer#0-0-C-1] o.s.k.l.KafkaMessageListenerContainer    : group_id: partitions lost: [exchange-topic-0]
2022-05-13 05:53:31.055  INFO 25360 --- [org.springframework.kafka.KafkaListenerEndpointContainer#0-0-C-1] o.s.k.l.KafkaMessageListenerContainer    : group_id: partitions revoked: [exchange-topic-0]
2022-05-13 05:53:31.055  INFO 25360 --- [org.springframework.kafka.KafkaListenerEndpointContainer#0-0-C-1] o.a.k.c.c.internals.ConsumerCoordinator  : [Consumer clientId=consumer-group_id-1, groupId=group_id] (Re-)joining group
2022-05-13 05:53:31.331 ERROR 25360 --- [org.springframework.kafka.KafkaListenerEndpointContainer#0-0-C-1] o.a.k.c.c.internals.ConsumerCoordinator  : [Consumer clientId=consumer-group_id-1, groupId=group_id] LeaveGroup request with Generation{generationId=83, memberId='consumer-group_id-1-4e60d2c7-ca92-45f2-a3df-b7ac9af7cd5f', protocol='range'} failed with error: The coordinator is not aware of this member.
2022-05-13 05:53:31.331  INFO 25360 --- [org.springframework.kafka.KafkaListenerEndpointContainer#0-0-C-1] o.a.k.c.c.internals.ConsumerCoordinator  : [Consumer clientId=consumer-group_id-1, groupId=group_id] Request joining group due to: need to re-join with the given member-id
2022-05-13 05:53:31.331  INFO 25360 --- [org.springframework.kafka.KafkaListenerEndpointContainer#0-0-C-1] o.a.k.c.c.internals.ConsumerCoordinator  : [Consumer clientId=consumer-group_id-1, groupId=group_id] (Re-)joining group
2022-05-13 05:53:36.894  INFO 25360 --- [org.springframework.kafka.KafkaListenerEndpointContainer#0-0-C-1] o.a.k.c.c.internals.ConsumerCoordinator  : [Consumer clientId=consumer-group_id-1, groupId=group_id] Successfully joined group with generation Generation{generationId=85, memberId='consumer-group_id-1-67846acc-05bd-415b-91ed-d2f22b4364de', protocol='range'}
2022-05-13 05:53:36.910  INFO 25360 --- [org.springframework.kafka.KafkaListenerEndpointContainer#0-0-C-1] o.a.k.c.c.internals.ConsumerCoordinator  : [Consumer clientId=consumer-group_id-1, groupId=group_id] SyncGroup failed: The group began another rebalance. Need to re-join the group. Sent generation was Generation{generationId=85, memberId='consumer-group_id-1-67846acc-05bd-415b-91ed-d2f22b4364de', protocol='range'}
2022-05-13 05:53:36.910  INFO 25360 --- [org.springframework.kafka.KafkaListenerEndpointContainer#0-0-C-1] o.a.k.c.c.internals.ConsumerCoordinator  : [Consumer clientId=consumer-group_id-1, groupId=group_id] (Re-)joining group
2022-05-13 05:53:36.933  INFO 25360 --- [org.springframework.kafka.KafkaListenerEndpointContainer#0-0-C-1] o.a.k.c.c.internals.ConsumerCoordinator  : [Consumer clientId=consumer-group_id-1, groupId=group_id] Successfully joined group with generation Generation{generationId=86, memberId='consumer-group_id-1-67846acc-05bd-415b-91ed-d2f22b4364de', protocol='range'}
2022-05-13 05:53:36.945  INFO 25360 --- [org.springframework.kafka.KafkaListenerEndpointContainer#0-0-C-1] o.a.k.c.c.internals.ConsumerCoordinator  : [Consumer clientId=consumer-group_id-1, groupId=group_id] Successfully synced group in generation Generation{generationId=86, memberId='consumer-group_id-1-67846acc-05bd-415b-91ed-d2f22b4364de', protocol='range'}
2022-05-13 05:53:36.945  INFO 25360 --- [org.springframework.kafka.KafkaListenerEndpointContainer#0-0-C-1] o.a.k.c.c.internals.ConsumerCoordinator  : [Consumer clientId=consumer-group_id-1, groupId=group_id] Notifying assignor about the new Assignment(partitions=[exchange-topic-0])
2022-05-13 05:53:36.945  INFO 25360 --- [org.springframework.kafka.KafkaListenerEndpointContainer#0-0-C-1] o.a.k.c.c.internals.ConsumerCoordinator  : [Consumer clientId=consumer-group_id-1, groupId=group_id] Adding newly assigned partitions: exchange-topic-0
2022-05-13 05:53:36.958  INFO 25360 --- [org.springframework.kafka.KafkaListenerEndpointContainer#0-0-C-1] o.a.k.c.c.internals.ConsumerCoordinator  : [Consumer clientId=consumer-group_id-1, groupId=group_id] Setting offset for partition exchange-topic-0 to the committed offset FetchPosition{offset=3, offsetEpoch=Optional.empty, currentLeader=LeaderAndEpoch{leader=Optional[127.0.0.1:9092 (id: 1 rack: null)], epoch=0}}
2022-05-13 05:53:36.958  INFO 25360 --- [org.springframework.kafka.KafkaListenerEndpointContainer#0-0-C-1] o.s.k.l.KafkaMessageListenerContainer    : group_id: partitions assigned: [exchange-topic-0]
2022-05-13 06:53:49.155  INFO 25360 --- [kafka-coordinator-heartbeat-thread | group_id] o.a.kafka.clients.FetchSessionHandler    : [Consumer clientId=consumer-group_id-1, groupId=group_id] Error sending fetch request (sessionId=1547914437, epoch=INITIAL) to node 1:

org.apache.kafka.common.errors.DisconnectException: null

2022-05-13 06:53:49.155  INFO 25360 --- [kafka-coordinator-heartbeat-thread | group_id] o.a.k.c.c.internals.ConsumerCoordinator  : [Consumer clientId=consumer-group_id-1, groupId=group_id] Group coordinator 127.0.0.1:9092 (id: 2147483646 rack: null) is unavailable or invalid due to cause: session timed out without receiving a heartbeat response.isDisconnected: false. Rediscovery will be attempted.
2022-05-13 06:53:49.373  INFO 25360 --- [org.springframework.kafka.KafkaListenerEndpointContainer#0-0-C-1] o.a.k.c.c.internals.ConsumerCoordinator  : [Consumer clientId=consumer-group_id-1, groupId=group_id] Discovered group coordinator 127.0.0.1:9092 (id: 2147483646 rack: null)
2022-05-13 06:53:54.819  INFO 25360 --- [kafka-coordinator-heartbeat-thread | group_id] o.a.k.c.c.internals.ConsumerCoordinator  : [Consumer clientId=consumer-group_id-1, groupId=group_id] Request joining group due to: group is already rebalancing
2022-05-13 06:53:54.820  INFO 25360 --- [org.springframework.kafka.KafkaListenerEndpointContainer#0-0-C-1] o.a.k.c.c.internals.ConsumerCoordinator  : [Consumer clientId=consumer-group_id-1, groupId=group_id] Request joining group due to: group is already rebalancing
2022-05-13 06:53:54.824  INFO 25360 --- [org.springframework.kafka.KafkaListenerEndpointContainer#0-0-C-1] o.a.k.c.c.internals.ConsumerCoordinator  : [Consumer clientId=consumer-group_id-1, groupId=group_id] Revoke previously assigned partitions exchange-topic-0
2022-05-13 06:53:54.824  INFO 25360 --- [org.springframework.kafka.KafkaListenerEndpointContainer#0-0-C-1] o.s.k.l.KafkaMessageListenerContainer    : group_id: partitions revoked: [exchange-topic-0]
2022-05-13 06:53:54.824  INFO 25360 --- [org.springframework.kafka.KafkaListenerEndpointContainer#0-0-C-1] o.a.k.c.c.internals.ConsumerCoordinator  : [Consumer clientId=consumer-group_id-1, groupId=group_id] (Re-)joining group
2022-05-13 06:53:54.833  INFO 25360 --- [org.springframework.kafka.KafkaListenerEndpointContainer#0-0-C-1] o.a.k.c.c.internals.ConsumerCoordinator  : [Consumer clientId=consumer-group_id-1, groupId=group_id] Successfully joined group with generation Generation{generationId=87, memberId='consumer-group_id-1-67846acc-05bd-415b-91ed-d2f22b4364de', protocol='range'}
2022-05-13 06:53:54.844  INFO 25360 --- [org.springframework.kafka.KafkaListenerEndpointContainer#0-0-C-1] o.a.k.c.c.internals.ConsumerCoordinator  : [Consumer clientId=consumer-group_id-1, groupId=group_id] Successfully synced group in generation Generation{generationId=87, memberId='consumer-group_id-1-67846acc-05bd-415b-91ed-d2f22b4364de', protocol='range'}
2022-05-13 06:53:54.844  INFO 25360 --- [org.springframework.kafka.KafkaListenerEndpointContainer#0-0-C-1] o.a.k.c.c.internals.ConsumerCoordinator  : [Consumer clientId=consumer-group_id-1, groupId=group_id] Notifying assignor about the new Assignment(partitions=[exchange-topic-0])
2022-05-13 06:53:54.845  INFO 25360 --- [org.springframework.kafka.KafkaListenerEndpointContainer#0-0-C-1] o.a.k.c.c.internals.ConsumerCoordinator  : [Consumer clientId=consumer-group_id-1, groupId=group_id] Adding newly assigned partitions: exchange-topic-0
2022-05-13 06:53:54.852  INFO 25360 --- [org.springframework.kafka.KafkaListenerEndpointContainer#0-0-C-1] o.a.k.c.c.internals.ConsumerCoordinator  : [Consumer clientId=consumer-group_id-1, groupId=group_id] Setting offset for partition exchange-topic-0 to the committed offset FetchPosition{offset=3, offsetEpoch=Optional.empty, currentLeader=LeaderAndEpoch{leader=Optional[127.0.0.1:9092 (id: 1 rack: null)], epoch=0}}
2022-05-13 06:53:54.853  INFO 25360 --- [org.springframework.kafka.KafkaListenerEndpointContainer#0-0-C-1] o.s.k.l.KafkaMessageListenerContainer    : group_id: partitions assigned: [exchange-topic-0]
2022-05-13 08:13:08.293  INFO 25360 --- [kafka-coordinator-heartbeat-thread | group_id] o.a.k.c.c.internals.ConsumerCoordinator  : [Consumer clientId=consumer-group_id-1, groupId=group_id] Group coordinator 127.0.0.1:9092 (id: 2147483646 rack: null) is unavailable or invalid due to cause: coordinator unavailable.isDisconnected: true. Rediscovery will be attempted.
2022-05-13 08:13:08.375  INFO 25360 --- [org.springframework.kafka.KafkaListenerEndpointContainer#0-0-C-1] o.a.k.c.c.internals.ConsumerCoordinator  : [Consumer clientId=consumer-group_id-1, groupId=group_id] Discovered group coordinator 127.0.0.1:9092 (id: 2147483646 rack: null)
2022-05-13 08:13:08.376  INFO 25360 --- [org.springframework.kafka.KafkaListenerEndpointContainer#0-0-C-1] o.a.k.c.c.internals.ConsumerCoordinator  : [Consumer clientId=consumer-group_id-1, groupId=group_id] Discovered group coordinator 127.0.0.1:9092 (id: 2147483646 rack: null)
2022-05-13 08:13:08.377  INFO 25360 --- [org.springframework.kafka.KafkaListenerEndpointContainer#0-0-C-1] o.a.k.c.c.internals.ConsumerCoordinator  : [Consumer clientId=consumer-group_id-1, groupId=group_id] Discovered group coordinator 127.0.0.1:9092 (id: 2147483646 rack: null)
2022-05-13 08:13:08.543  INFO 25360 --- [org.springframework.kafka.KafkaListenerEndpointContainer#0-0-C-1] o.a.k.c.c.internals.ConsumerCoordinator  : [Consumer clientId=consumer-group_id-1, groupId=group_id] Attempt to heartbeat with Generation{generationId=87, memberId='consumer-group_id-1-67846acc-05bd-415b-91ed-d2f22b4364de', protocol='range'} and group instance id Optional.empty failed due to UNKNOWN_MEMBER_ID, resetting generation
2022-05-13 08:13:08.543  INFO 25360 --- [org.springframework.kafka.KafkaListenerEndpointContainer#0-0-C-1] o.a.k.c.c.internals.ConsumerCoordinator  : [Consumer clientId=consumer-group_id-1, groupId=group_id] Resetting generation due to: encountered UNKNOWN_MEMBER_ID from HEARTBEAT response
2022-05-13 08:13:08.543  INFO 25360 --- [org.springframework.kafka.KafkaListenerEndpointContainer#0-0-C-1] o.a.k.c.c.internals.ConsumerCoordinator  : [Consumer clientId=consumer-group_id-1, groupId=group_id] Request joining group due to: encountered UNKNOWN_MEMBER_ID from HEARTBEAT response
2022-05-13 08:13:08.544  INFO 25360 --- [org.springframework.kafka.KafkaListenerEndpointContainer#0-0-C-1] o.a.k.c.c.internals.ConsumerCoordinator  : [Consumer clientId=consumer-group_id-1, groupId=group_id] Giving away all assigned partitions as lost since generation has been reset,indicating that consumer is no longer part of the group
2022-05-13 08:13:08.544  INFO 25360 --- [org.springframework.kafka.KafkaListenerEndpointContainer#0-0-C-1] o.a.k.c.c.internals.ConsumerCoordinator  : [Consumer clientId=consumer-group_id-1, groupId=group_id] Lost previously assigned partitions exchange-topic-0
2022-05-13 08:13:08.544  INFO 25360 --- [org.springframework.kafka.KafkaListenerEndpointContainer#0-0-C-1] o.s.k.l.KafkaMessageListenerContainer    : group_id: partitions lost: [exchange-topic-0]
2022-05-13 08:13:08.544  INFO 25360 --- [org.springframework.kafka.KafkaListenerEndpointContainer#0-0-C-1] o.s.k.l.KafkaMessageListenerContainer    : group_id: partitions revoked: [exchange-topic-0]
2022-05-13 08:13:08.545  INFO 25360 --- [org.springframework.kafka.KafkaListenerEndpointContainer#0-0-C-1] o.a.k.c.c.internals.ConsumerCoordinator  : [Consumer clientId=consumer-group_id-1, groupId=group_id] (Re-)joining group
2022-05-13 08:13:08.578  INFO 25360 --- [org.springframework.kafka.KafkaListenerEndpointContainer#0-0-C-1] o.a.k.c.c.internals.ConsumerCoordinator  : [Consumer clientId=consumer-group_id-1, groupId=group_id] Request joining group due to: need to re-join with the given member-id
2022-05-13 08:13:08.578  INFO 25360 --- [org.springframework.kafka.KafkaListenerEndpointContainer#0-0-C-1] o.a.k.c.c.internals.ConsumerCoordinator  : [Consumer clientId=consumer-group_id-1, groupId=group_id] (Re-)joining group
2022-05-13 08:13:14.134  INFO 25360 --- [org.springframework.kafka.KafkaListenerEndpointContainer#0-0-C-1] o.a.k.c.c.internals.ConsumerCoordinator  : [Consumer clientId=consumer-group_id-1, groupId=group_id] Successfully joined group with generation Generation{generationId=89, memberId='consumer-group_id-1-e3a71a27-ce71-4399-bee7-f70347653588', protocol='range'}
2022-05-13 08:13:14.146  INFO 25360 --- [org.springframework.kafka.KafkaListenerEndpointContainer#0-0-C-1] o.a.k.c.c.internals.ConsumerCoordinator  : [Consumer clientId=consumer-group_id-1, groupId=group_id] SyncGroup failed: The group began another rebalance. Need to re-join the group. Sent generation was Generation{generationId=89, memberId='consumer-group_id-1-e3a71a27-ce71-4399-bee7-f70347653588', protocol='range'}
2022-05-13 08:13:14.146  INFO 25360 --- [org.springframework.kafka.KafkaListenerEndpointContainer#0-0-C-1] o.a.k.c.c.internals.ConsumerCoordinator  : [Consumer clientId=consumer-group_id-1, groupId=group_id] (Re-)joining group
2022-05-13 08:13:14.172  INFO 25360 --- [org.springframework.kafka.KafkaListenerEndpointContainer#0-0-C-1] o.a.k.c.c.internals.ConsumerCoordinator  : [Consumer clientId=consumer-group_id-1, groupId=group_id] Successfully joined group with generation Generation{generationId=90, memberId='consumer-group_id-1-e3a71a27-ce71-4399-bee7-f70347653588', protocol='range'}
2022-05-13 08:13:14.188  INFO 25360 --- [org.springframework.kafka.KafkaListenerEndpointContainer#0-0-C-1] o.a.k.c.c.internals.ConsumerCoordinator  : [Consumer clientId=consumer-group_id-1, groupId=group_id] Successfully synced group in generation Generation{generationId=90, memberId='consumer-group_id-1-e3a71a27-ce71-4399-bee7-f70347653588', protocol='range'}
2022-05-13 08:13:14.189  INFO 25360 --- [org.springframework.kafka.KafkaListenerEndpointContainer#0-0-C-1] o.a.k.c.c.internals.ConsumerCoordinator  : [Consumer clientId=consumer-group_id-1, groupId=group_id] Notifying assignor about the new Assignment(partitions=[exchange-topic-0])
2022-05-13 08:13:14.189  INFO 25360 --- [org.springframework.kafka.KafkaListenerEndpointContainer#0-0-C-1] o.a.k.c.c.internals.ConsumerCoordinator  : [Consumer clientId=consumer-group_id-1, groupId=group_id] Adding newly assigned partitions: exchange-topic-0
2022-05-13 08:13:14.199  INFO 25360 --- [org.springframework.kafka.KafkaListenerEndpointContainer#0-0-C-1] o.a.k.c.c.internals.ConsumerCoordinator  : [Consumer clientId=consumer-group_id-1, groupId=group_id] Setting offset for partition exchange-topic-0 to the committed offset FetchPosition{offset=3, offsetEpoch=Optional.empty, currentLeader=LeaderAndEpoch{leader=Optional[127.0.0.1:9092 (id: 1 rack: null)], epoch=0}}
2022-05-13 08:13:14.199  INFO 25360 --- [org.springframework.kafka.KafkaListenerEndpointContainer#0-0-C-1] o.s.k.l.KafkaMessageListenerContainer    : group_id: partitions assigned: [exchange-topic-0]
2022-05-13 09:00:59.713  INFO 25360 --- [kafka-coordinator-heartbeat-thread | group_id] o.a.k.c.c.internals.ConsumerCoordinator  : [Consumer clientId=consumer-group_id-1, groupId=group_id] Group coordinator 127.0.0.1:9092 (id: 2147483646 rack: null) is unavailable or invalid due to cause: coordinator unavailable.isDisconnected: true. Rediscovery will be attempted.
2022-05-13 09:00:59.758  INFO 25360 --- [org.springframework.kafka.KafkaListenerEndpointContainer#0-0-C-1] o.a.k.c.c.internals.ConsumerCoordinator  : [Consumer clientId=consumer-group_id-1, groupId=group_id] Discovered group coordinator 127.0.0.1:9092 (id: 2147483646 rack: null)
2022-05-13 09:00:59.831  INFO 25360 --- [org.springframework.kafka.KafkaListenerEndpointContainer#0-0-C-1] o.a.k.c.c.internals.ConsumerCoordinator  : [Consumer clientId=consumer-group_id-1, groupId=group_id] Request joining group due to: group is already rebalancing
2022-05-13 09:00:59.831  INFO 25360 --- [org.springframework.kafka.KafkaListenerEndpointContainer#0-0-C-1] o.a.k.c.c.internals.ConsumerCoordinator  : [Consumer clientId=consumer-group_id-1, groupId=group_id] Revoke previously assigned partitions exchange-topic-0
2022-05-13 09:00:59.831  INFO 25360 --- [org.springframework.kafka.KafkaListenerEndpointContainer#0-0-C-1] o.s.k.l.KafkaMessageListenerContainer    : group_id: partitions revoked: [exchange-topic-0]
2022-05-13 09:00:59.831  INFO 25360 --- [org.springframework.kafka.KafkaListenerEndpointContainer#0-0-C-1] o.a.k.c.c.internals.ConsumerCoordinator  : [Consumer clientId=consumer-group_id-1, groupId=group_id] (Re-)joining group
2022-05-13 09:01:00.283  INFO 25360 --- [org.springframework.kafka.KafkaListenerEndpointContainer#0-0-C-1] o.a.k.c.c.internals.ConsumerCoordinator  : [Consumer clientId=consumer-group_id-1, groupId=group_id] Successfully joined group with generation Generation{generationId=91, memberId='consumer-group_id-1-e3a71a27-ce71-4399-bee7-f70347653588', protocol='range'}
2022-05-13 09:01:00.607  INFO 25360 --- [org.springframework.kafka.KafkaListenerEndpointContainer#0-0-C-1] o.a.k.c.c.internals.ConsumerCoordinator  : [Consumer clientId=consumer-group_id-1, groupId=group_id] Successfully synced group in generation Generation{generationId=91, memberId='consumer-group_id-1-e3a71a27-ce71-4399-bee7-f70347653588', protocol='range'}
2022-05-13 09:01:00.607  INFO 25360 --- [org.springframework.kafka.KafkaListenerEndpointContainer#0-0-C-1] o.a.k.c.c.internals.ConsumerCoordinator  : [Consumer clientId=consumer-group_id-1, groupId=group_id] Notifying assignor about the new Assignment(partitions=[exchange-topic-0])
2022-05-13 09:01:00.607  INFO 25360 --- [org.springframework.kafka.KafkaListenerEndpointContainer#0-0-C-1] o.a.k.c.c.internals.ConsumerCoordinator  : [Consumer clientId=consumer-group_id-1, groupId=group_id] Adding newly assigned partitions: exchange-topic-0
2022-05-13 09:01:00.615  INFO 25360 --- [org.springframework.kafka.KafkaListenerEndpointContainer#0-0-C-1] o.a.k.c.c.internals.ConsumerCoordinator  : [Consumer clientId=consumer-group_id-1, groupId=group_id] Setting offset for partition exchange-topic-0 to the committed offset FetchPosition{offset=3, offsetEpoch=Optional.empty, currentLeader=LeaderAndEpoch{leader=Optional[127.0.0.1:9092 (id: 1 rack: null)], epoch=0}}
2022-05-13 09:01:00.615  INFO 25360 --- [org.springframework.kafka.KafkaListenerEndpointContainer#0-0-C-1] o.s.k.l.KafkaMessageListenerContainer    : group_id: partitions assigned: [exchange-topic-0]
2022-05-13 09:01:24.792  INFO 25360 --- [AsyncResolver-bootstrap-executor-0] c.n.d.s.r.aws.ConfigClusterResolver      : Resolving eureka endpoints via configuration
2022-05-13 09:06:24.800  INFO 25360 --- [AsyncResolver-bootstrap-executor-0] c.n.d.s.r.aws.ConfigClusterResolver      : Resolving eureka endpoints via configuration
2022-05-13 09:11:24.801  INFO 25360 --- [AsyncResolver-bootstrap-executor-0] c.n.d.s.r.aws.ConfigClusterResolver      : Resolving eureka endpoints via configuration
2022-05-13 09:16:24.817  INFO 25360 --- [AsyncResolver-bootstrap-executor-0] c.n.d.s.r.aws.ConfigClusterResolver      : Resolving eureka endpoints via configuration
2022-05-13 09:21:24.820  INFO 25360 --- [AsyncResolver-bootstrap-executor-0] c.n.d.s.r.aws.ConfigClusterResolver      : Resolving eureka endpoints via configuration
2022-05-13 09:26:24.832  INFO 25360 --- [AsyncResolver-bootstrap-executor-0] c.n.d.s.r.aws.ConfigClusterResolver      : Resolving eureka endpoints via configuration
2022-05-13 09:31:24.836  INFO 25360 --- [AsyncResolver-bootstrap-executor-0] c.n.d.s.r.aws.ConfigClusterResolver      : Resolving eureka endpoints via configuration
2022-05-13 09:36:24.844  INFO 25360 --- [AsyncResolver-bootstrap-executor-0] c.n.d.s.r.aws.ConfigClusterResolver      : Resolving eureka endpoints via configuration
2022-05-13 09:41:24.847  INFO 25360 --- [AsyncResolver-bootstrap-executor-0] c.n.d.s.r.aws.ConfigClusterResolver      : Resolving eureka endpoints via configuration
2022-05-13 09:46:24.856  INFO 25360 --- [AsyncResolver-bootstrap-executor-0] c.n.d.s.r.aws.ConfigClusterResolver      : Resolving eureka endpoints via configuration
2022-05-13 09:51:24.869  INFO 25360 --- [AsyncResolver-bootstrap-executor-0] c.n.d.s.r.aws.ConfigClusterResolver      : Resolving eureka endpoints via configuration
2022-05-13 09:56:24.874  INFO 25360 --- [AsyncResolver-bootstrap-executor-0] c.n.d.s.r.aws.ConfigClusterResolver      : Resolving eureka endpoints via configuration
2022-05-13 10:01:24.887  INFO 25360 --- [AsyncResolver-bootstrap-executor-0] c.n.d.s.r.aws.ConfigClusterResolver      : Resolving eureka endpoints via configuration
2022-05-13 10:06:24.895  INFO 25360 --- [AsyncResolver-bootstrap-executor-0] c.n.d.s.r.aws.ConfigClusterResolver      : Resolving eureka endpoints via configuration
